-------------------------------------------------------------------------------
Test set: spa.samples.heartpatientmonitoring.domain.device.TestHeartMonitoringDevice
-------------------------------------------------------------------------------
Tests run: 3, Failures: 2, Errors: 0, Skipped: 0, Time elapsed: 0.054 sec <<< FAILURE!
spa.samples.heartpatientmonitoring.domain.device.TestHeartMonitoringDevice.testDeviceModelCreation()  Time elapsed: 0.002 sec  <<< FAILURE!
java.lang.NullPointerException: Cannot invoke "spa.samples.heartpatientmonitoring.domain.types.device.DeviceFamily.getFamilyName()" because "spa.samples.heartpatientmonitoring.domain.device.TestHeartMonitoringDevice.PORTABLE_ECG_MONITOR" is null
	at spa.samples.heartpatientmonitoring.domain.device.TestHeartMonitoringDevice.testDeviceModelCreation(TestHeartMonitoringDevice.java:57)

spa.samples.heartpatientmonitoring.domain.device.TestHeartMonitoringDevice.testHeartMonitorDeviceCreation()  Time elapsed: 0.047 sec  <<< FAILURE!
java.lang.NullPointerException: Cannot invoke "spa.samples.heartpatientmonitoring.domain.types.device.DeviceModel.getModelName()" because "spa.samples.heartpatientmonitoring.domain.device.TestHeartMonitoringDevice.WHOOP_50MG_ACTIVITY_TRACKER" is null
	at spa.samples.heartpatientmonitoring.domain.device.TestHeartMonitoringDevice.testHeartMonitorDeviceCreation(TestHeartMonitoringDevice.java:74)

