<?xml version="1.0" encoding="UTF-8" ?>
<testsuite tests="3" failures="2" name="spa.samples.heartpatientmonitoring.domain.device.TestHeartMonitoringDevice" time="0.052" errors="0" skipped="0">
  <properties>
[...]
</properties>
  <testcase classname="spa.samples.heartpatientmonitoring.domain.device.TestHeartMonitoringDevice" name="spa.samples.heartpatientmonitoring.domain.device.TestHeartMonitoringDevice.testDeviceFamilyCreation" time="0.003"/>
  <testcase classname="spa.samples.heartpatientmonitoring.domain.device.TestHeartMonitoringDevice" name="spa.samples.heartpatientmonitoring.domain.device.TestHeartMonitoringDevice.testDeviceModelCreation" time="0.002">
    <failure message="Cannot invoke &quot;spa.samples.heartpatientmonitoring.domain.types.device.DeviceFamily.getFamilyName()&quot; because &quot;spa.samples.heartpatientmonitoring.domain.device.TestHeartMonitoringDevice.PORTABLE_ECG_MONITOR&quot; is null" type="java.lang.NullPointerException">java.lang.NullPointerException: Cannot invoke &quot;spa.samples.heartpatientmonitoring.domain.types.device.DeviceFamily.getFamilyName()&quot; because &quot;spa.samples.heartpatientmonitoring.domain.device.TestHeartMonitoringDevice.PORTABLE_ECG_MONITOR&quot; is null
	at spa.samples.heartpatientmonitoring.domain.device.TestHeartMonitoringDevice.testDeviceModelCreation(TestHeartMonitoringDevice.java:57)
</failure>
  </testcase>
  <testcase classname="spa.samples.heartpatientmonitoring.domain.device.TestHeartMonitoringDevice" name="spa.samples.heartpatientmonitoring.domain.device.TestHeartMonitoringDevice.testHeartMonitorDeviceCreation" time="0.047">
    <failure message="Cannot invoke &quot;spa.samples.heartpatientmonitoring.domain.types.device.DeviceModel.getModelName()&quot; because &quot;spa.samples.heartpatientmonitoring.domain.device.TestHeartMonitoringDevice.WHOOP_50MG_ACTIVITY_TRACKER&quot; is null" type="java.lang.NullPointerException">java.lang.NullPointerException: Cannot invoke &quot;spa.samples.heartpatientmonitoring.domain.types.device.DeviceModel.getModelName()&quot; because &quot;spa.samples.heartpatientmonitoring.domain.device.TestHeartMonitoringDevice.WHOOP_50MG_ACTIVITY_TRACKER&quot; is null
	at spa.samples.heartpatientmonitoring.domain.device.TestHeartMonitoringDevice.testHeartMonitorDeviceCreation(TestHeartMonitoringDevice.java:74)
</failure>
  </testcase>
</testsuite>